GoWifi/app/build/outputs/logs/manifest-merger-debug-report.txt
-- Merging decision tree log ---
manifest
ADDED from src/main/AndroidManifest.xml:2:1-69:12
	package
		ADDED from src/main/AndroidManifest.xml:3:5-41
		INJECTED from src/main/AndroidManifest.xml
		INJECTED from src/main/AndroidManifest.xml
	android:versionName
		ADDED from src/main/AndroidManifest.xml:5:5-30
		INJECTED from src/main/AndroidManifest.xml
		INJECTED from src/main/AndroidManifest.xml
	android:versionCode
		ADDED from src/main/AndroidManifest.xml:4:5-28
		INJECTED from src/main/AndroidManifest.xml
		INJECTED from src/main/AndroidManifest.xml
	xmlns:android
		ADDED from src/main/AndroidManifest.xml:2:11-69
uses-sdk
ADDED from src/main/AndroidManifest.xml:7:5-9:41
	android:targetSdkVersion
		ADDED from src/main/AndroidManifest.xml:9:9-38
		INJECTED from src/main/AndroidManifest.xml
		INJECTED from src/main/AndroidManifest.xml
	android:minSdkVersion
		ADDED from src/main/AndroidManifest.xml:8:9-35
		INJECTED from src/main/AndroidManifest.xml
		INJECTED from src/main/AndroidManifest.xml
uses-permission#android.permission.INTERNET
ADDED from src/main/AndroidManifest.xml:10:5-67
	android:name
		ADDED from src/main/AndroidManifest.xml:10:22-64
uses-permission#android.permission.ACCESS_WIFI_STATE
ADDED from src/main/AndroidManifest.xml:11:5-76
	android:name
		ADDED from src/main/AndroidManifest.xml:11:22-73
uses-permission#android.permission.CHANGE_WIFI_STATE
ADDED from src/main/AndroidManifest.xml:12:5-76
	android:name
		ADDED from src/main/AndroidManifest.xml:12:22-73
uses-permission#android.permission.GET_TASKS
ADDED from src/main/AndroidManifest.xml:13:5-68
	android:name
		ADDED from src/main/AndroidManifest.xml:13:22-65
uses-permission#android.permission.WRITE_EXTERNAL_STORAGE
ADDED from src/main/AndroidManifest.xml:14:5-81
	android:name
		ADDED from src/main/AndroidManifest.xml:14:22-78
uses-permission#android.permission.CAMERA
ADDED from src/main/AndroidManifest.xml:15:6-17:35
	android:required
		ADDED from src/main/AndroidManifest.xml:17:9-32
	android:name
		ADDED from src/main/AndroidManifest.xml:16:9-49
uses-feature#android.hardware.camera.any
ADDED from src/main/AndroidManifest.xml:19:5-64
	android:name
		ADDED from src/main/AndroidManifest.xml:19:19-61
application
ADDED from src/main/AndroidManifest.xml:21:5-67:19
	android:label
		ADDED from src/main/AndroidManifest.xml:24:9-41
	android:allowBackup
		ADDED from src/main/AndroidManifest.xml:22:9-35
	android:icon
		ADDED from src/main/AndroidManifest.xml:23:9-46
	android:theme
		ADDED from src/main/AndroidManifest.xml:25:9-40
service#com.example.wifidirectchat.MessageService
ADDED from src/main/AndroidManifest.xml:26:9-28:38
	android:enabled
		ADDED from src/main/AndroidManifest.xml:28:13-35
	android:name
		ADDED from src/main/AndroidManifest.xml:27:13-69
activity#com.example.wifidirectchat.MainActivity
ADDED from src/main/AndroidManifest.xml:30:9-39:20
	android:label
		ADDED from src/main/AndroidManifest.xml:32:13-45
	android:theme
		ADDED from src/main/AndroidManifest.xml:33:13-44
	android:name
		ADDED from src/main/AndroidManifest.xml:31:13-41
intent-filter#android.intent.action.MAIN+android.intent.category.LAUNCHER
ADDED from src/main/AndroidManifest.xml:34:13-38:29
action#android.intent.action.MAIN
ADDED from src/main/AndroidManifest.xml:35:17-69
	android:name
		ADDED from src/main/AndroidManifest.xml:35:25-66
category#android.intent.category.LAUNCHER
ADDED from src/main/AndroidManifest.xml:37:17-77
	android:name
		ADDED from src/main/AndroidManifest.xml:37:27-74
activity#com.example.wifidirectchat.ChatActivity
ADDED from src/main/AndroidManifest.xml:40:9-45:20
	android:label
		ADDED from src/main/AndroidManifest.xml:43:13-45
	android:launchMode
		ADDED from src/main/AndroidManifest.xml:44:13-43
	android:configChanges
		ADDED from src/main/AndroidManifest.xml:42:13-74
	android:name
		ADDED from src/main/AndroidManifest.xml:41:13-67
activity#com.example.wifidirectchat.ViewImageActivity
ADDED from src/main/AndroidManifest.xml:46:9-52:20
	android:label
		ADDED from src/main/AndroidManifest.xml:49:13-62
	android:parentActivityName
		ADDED from src/main/AndroidManifest.xml:50:13-81
	android:configChanges
		ADDED from src/main/AndroidManifest.xml:48:13-74
	android:theme
		ADDED from src/main/AndroidManifest.xml:51:13-51
	android:name
		ADDED from src/main/AndroidManifest.xml:47:13-72
activity#com.example.wifidirectchat.FilePickerActivity
ADDED from src/main/AndroidManifest.xml:53:9-58:20
	android:label
		ADDED from src/main/AndroidManifest.xml:55:13-63
	android:parentActivityName
		ADDED from src/main/AndroidManifest.xml:56:13-81
	android:configChanges
		ADDED from src/main/AndroidManifest.xml:57:13-74
	android:name
		ADDED from src/main/AndroidManifest.xml:54:13-73
activity#com.example.wifidirectchat.StartActivity
ADDED from src/main/AndroidManifest.xml:59:9-65:20
	android:label
		ADDED from src/main/AndroidManifest.xml:61:13-34
	android:parentActivityName
		ADDED from src/main/AndroidManifest.xml:63:13-81
	android:configChanges
		ADDED from src/main/AndroidManifest.xml:64:13-74
	android:theme
		ADDED from src/main/AndroidManifest.xml:62:13-51
	android:name
		ADDED from src/main/AndroidManifest.xml:60:13-41